# Logfile created on 2014-10-21 17:21:26 +0200 by logger.rb/36483
I, [2014-10-21T17:21:26.743390 #13167]  INFO -- : 0:  rake (10.3.2) from /usr/local/lib/ruby/gems/2.0.0/specifications/rake-10.3.2.gemspec
I, [2014-10-21T17:21:26.743960 #13167]  INFO -- : 0:  i18n (0.6.11) from /usr/local/lib/ruby/gems/2.0.0/specifications/i18n-0.6.11.gemspec
I, [2014-10-21T17:21:26.744369 #13167]  INFO -- : 0:  json (1.8.1) from /usr/local/lib/ruby/gems/2.0.0/specifications/json-1.8.1.gemspec
I, [2014-10-21T17:21:26.744763 #13167]  INFO -- : 0:  minitest (5.4.2) from /usr/local/lib/ruby/gems/2.0.0/specifications/minitest-5.4.2.gemspec
I, [2014-10-21T17:21:26.745141 #13167]  INFO -- : 0:  thread_safe (0.3.4) from /usr/local/lib/ruby/gems/2.0.0/specifications/thread_safe-0.3.4.gemspec
I, [2014-10-21T17:21:26.745556 #13167]  INFO -- : 0:  tzinfo (1.2.2) from /usr/local/lib/ruby/gems/2.0.0/specifications/tzinfo-1.2.2.gemspec
I, [2014-10-21T17:21:26.746381 #13167]  INFO -- : 0:  activesupport (4.1.6) from /usr/local/lib/ruby/gems/2.0.0/specifications/activesupport-4.1.6.gemspec
I, [2014-10-21T17:21:26.746881 #13167]  INFO -- : 0:  builder (3.2.2) from /usr/local/lib/ruby/gems/2.0.0/specifications/builder-3.2.2.gemspec
I, [2014-10-21T17:21:26.747324 #13167]  INFO -- : 0:  erubis (2.7.0) from /usr/local/lib/ruby/gems/2.0.0/specifications/erubis-2.7.0.gemspec
I, [2014-10-21T17:21:26.747761 #13167]  INFO -- : 0:  actionview (4.1.6) from /usr/local/lib/ruby/gems/2.0.0/specifications/actionview-4.1.6.gemspec
I, [2014-10-21T17:21:26.748154 #13167]  INFO -- : 0:  rack (1.5.2) from /usr/local/lib/ruby/gems/2.0.0/specifications/rack-1.5.2.gemspec
I, [2014-10-21T17:21:26.748529 #13167]  INFO -- : 0:  rack-test (0.6.2) from /usr/local/lib/ruby/gems/2.0.0/specifications/rack-test-0.6.2.gemspec
I, [2014-10-21T17:21:26.748939 #13167]  INFO -- : 0:  actionpack (4.1.6) from /usr/local/lib/ruby/gems/2.0.0/specifications/actionpack-4.1.6.gemspec
I, [2014-10-21T17:21:28.587224 #13167]  INFO -- : 0:  mime-types (2.4.3) from /usr/local/lib/ruby/gems/2.0.0/specifications/mime-types-2.4.3.gemspec
I, [2014-10-21T17:21:28.590500 #13167]  INFO -- : 0:  mail (2.6.1) from /usr/local/lib/ruby/gems/2.0.0/specifications/mail-2.6.1.gemspec
I, [2014-10-21T17:21:28.591024 #13167]  INFO -- : 0:  actionmailer (4.1.6) from /usr/local/lib/ruby/gems/2.0.0/specifications/actionmailer-4.1.6.gemspec
I, [2014-10-21T17:21:28.591558 #13167]  INFO -- : 0:  active_utils (2.2.3) from /usr/local/lib/ruby/gems/2.0.0/specifications/active_utils-2.2.3.gemspec
I, [2014-10-21T17:21:28.592008 #13167]  INFO -- : 0:  mini_portile (0.6.0) from /usr/local/lib/ruby/gems/2.0.0/specifications/mini_portile-0.6.0.gemspec
I, [2014-10-21T17:21:28.592459 #13167]  INFO -- : 0:  nokogiri (1.6.3.1) from /usr/local/lib/ruby/gems/2.0.0/specifications/nokogiri-1.6.3.1.gemspec
I, [2014-10-21T17:21:28.592878 #13167]  INFO -- : 0:  money (6.2.1) from /usr/local/lib/ruby/gems/2.0.0/specifications/money-6.2.1.gemspec
I, [2014-10-21T17:21:28.593282 #13167]  INFO -- : 0:  offsite_payments (2.0.1) from /usr/local/lib/ruby/gems/2.0.0/specifications/offsite_payments-2.0.1.gemspec
I, [2014-10-21T17:21:28.593717 #13167]  INFO -- : 0:  activemerchant (1.44.1) from /usr/local/lib/ruby/gems/2.0.0/specifications/activemerchant-1.44.1.gemspec
I, [2014-10-21T17:21:28.594136 #13167]  INFO -- : 0:  activemodel (4.1.6) from /usr/local/lib/ruby/gems/2.0.0/specifications/activemodel-4.1.6.gemspec
I, [2014-10-21T17:21:28.595234 #13167]  INFO -- : 0:  arel (5.0.1.20140414130214) from /usr/local/lib/ruby/gems/2.0.0/specifications/arel-5.0.1.20140414130214.gemspec
I, [2014-10-21T17:21:28.595902 #13167]  INFO -- : 0:  activerecord (4.1.6) from /usr/local/lib/ruby/gems/2.0.0/specifications/activerecord-4.1.6.gemspec
I, [2014-10-21T17:21:28.596427 #13167]  INFO -- : 0:  acts_as_list (0.3.0) from /usr/local/lib/ruby/gems/2.0.0/specifications/acts_as_list-0.3.0.gemspec
I, [2014-10-21T17:21:28.596976 #13167]  INFO -- : 0:  addressable (2.3.6) from /usr/local/lib/ruby/gems/2.0.0/specifications/addressable-2.3.6.gemspec
I, [2014-10-21T17:21:28.597601 #13167]  INFO -- : 0:  awesome_nested_set (3.0.1) from /usr/local/lib/ruby/gems/2.0.0/specifications/awesome_nested_set-3.0.1.gemspec
I, [2014-10-21T17:21:28.598184 #13167]  INFO -- : 0:  uuidtools (2.1.5) from /usr/local/lib/ruby/gems/2.0.0/specifications/uuidtools-2.1.5.gemspec
I, [2014-10-21T17:21:28.598795 #13167]  INFO -- : 0:  aws-sdk (1.27.0) from /usr/local/lib/ruby/gems/2.0.0/specifications/aws-sdk-1.27.0.gemspec
I, [2014-10-21T17:21:30.236103 #13167]  INFO -- : 0:  braintree (2.36.0) from /usr/local/lib/ruby/gems/2.0.0/specifications/braintree-2.36.0.gemspec
I, [2014-10-21T17:21:30.246433 #13167]  INFO -- : 0:  bundler (1.5.1) from /usr/local/lib/ruby/gems/2.0.0/specifications/bundler-1.5.1.gemspec
I, [2014-10-21T17:21:30.247877 #13167]  INFO -- : 0:  cancancan (1.9.2) from /usr/local/lib/ruby/gems/2.0.0/specifications/cancancan-1.9.2.gemspec
I, [2014-10-21T17:21:30.248347 #13167]  INFO -- : 0:  thor (0.19.1) from /usr/local/lib/ruby/gems/2.0.0/specifications/thor-0.19.1.gemspec
I, [2014-10-21T17:21:30.248868 #13167]  INFO -- : 0:  railties (4.1.6) from /usr/local/lib/ruby/gems/2.0.0/specifications/railties-4.1.6.gemspec
I, [2014-10-21T17:21:30.249457 #13167]  INFO -- : 0:  hike (1.2.3) from /usr/local/lib/ruby/gems/2.0.0/specifications/hike-1.2.3.gemspec
I, [2014-10-21T17:21:30.249977 #13167]  INFO -- : 0:  multi_json (1.10.1) from /usr/local/lib/ruby/gems/2.0.0/specifications/multi_json-1.10.1.gemspec
I, [2014-10-21T17:21:30.251330 #13167]  INFO -- : 0:  tilt (1.4.1) from /usr/local/lib/ruby/gems/2.0.0/specifications/tilt-1.4.1.gemspec
I, [2014-10-21T17:21:30.251905 #13167]  INFO -- : 0:  sprockets (2.11.0) from /usr/local/lib/ruby/gems/2.0.0/specifications/sprockets-2.11.0.gemspec
I, [2014-10-21T17:21:30.252393 #13167]  INFO -- : 0:  sprockets-rails (2.2.0) from /usr/local/lib/ruby/gems/2.0.0/specifications/sprockets-rails-2.2.0.gemspec
I, [2014-10-21T17:21:30.252885 #13167]  INFO -- : 0:  rails (4.1.6) from /usr/local/lib/ruby/gems/2.0.0/specifications/rails-4.1.6.gemspec
I, [2014-10-21T17:21:30.253343 #13167]  INFO -- : 0:  canonical-rails (0.0.7) from /usr/local/lib/ruby/gems/2.0.0/specifications/canonical-rails-0.0.7.gemspec
I, [2014-10-21T17:21:31.560374 #13167]  INFO -- : 0:  xpath (2.0.0) from /usr/local/lib/ruby/gems/2.0.0/specifications/xpath-2.0.0.gemspec
I, [2014-10-21T17:21:33.364004 #13167]  INFO -- : 0:  capybara (2.4.4) from /usr/local/lib/ruby/gems/2.0.0/specifications/capybara-2.4.4.gemspec
I, [2014-10-21T17:21:37.116541 #13167]  INFO -- : 0:  hitimes (1.2.2) from /usr/local/lib/ruby/gems/2.0.0/specifications/hitimes-1.2.2.gemspec
I, [2014-10-21T17:21:38.459035 #13167]  INFO -- : 0:  timers (4.0.1) from /usr/local/lib/ruby/gems/2.0.0/specifications/timers-4.0.1.gemspec
I, [2014-10-21T17:21:39.883919 #13167]  INFO -- : 0:  celluloid (0.16.0) from /usr/local/lib/ruby/gems/2.0.0/specifications/celluloid-0.16.0.gemspec
I, [2014-10-21T17:21:56.109179 #13167]  INFO -- : 0:  ffi (1.9.6) from /usr/local/lib/ruby/gems/2.0.0/specifications/ffi-1.9.6.gemspec
I, [2014-10-21T17:21:57.530647 #13167]  INFO -- : 0:  childprocess (0.5.5) from /usr/local/lib/ruby/gems/2.0.0/specifications/childprocess-0.5.5.gemspec
I, [2014-10-21T17:21:57.535211 #13167]  INFO -- : 0:  climate_control (0.0.3) from /usr/local/lib/ruby/gems/2.0.0/specifications/climate_control-0.0.3.gemspec
I, [2014-10-21T17:21:58.785292 #13167]  INFO -- : 0:  cliver (0.3.2) from /usr/local/lib/ruby/gems/2.0.0/specifications/cliver-0.3.2.gemspec
I, [2014-10-21T17:21:58.788598 #13167]  INFO -- : 0:  cocaine (0.5.4) from /usr/local/lib/ruby/gems/2.0.0/specifications/cocaine-0.5.4.gemspec
I, [2014-10-21T17:21:58.789080 #13167]  INFO -- : 0:  coderay (1.1.0) from /usr/local/lib/ruby/gems/2.0.0/specifications/coderay-1.1.0.gemspec
I, [2014-10-21T17:21:58.789588 #13167]  INFO -- : 0:  coffee-script-source (1.8.0) from /usr/local/lib/ruby/gems/2.0.0/specifications/coffee-script-source-1.8.0.gemspec
I, [2014-10-21T17:21:58.790058 #13167]  INFO -- : 0:  execjs (2.2.2) from /usr/local/lib/ruby/gems/2.0.0/specifications/execjs-2.2.2.gemspec
I, [2014-10-21T17:21:58.790307 #13167]  INFO -- : 0:  coffee-script (2.3.0) from /usr/local/lib/ruby/gems/2.0.0/specifications/coffee-script-2.3.0.gemspec
I, [2014-10-21T17:21:58.790940 #13167]  INFO -- : 0:  coffee-rails (4.0.1) from /usr/local/lib/ruby/gems/2.0.0/specifications/coffee-rails-4.0.1.gemspec
I, [2014-10-21T17:21:58.791403 #13167]  INFO -- : 0:  colorize (0.7.3) from /usr/local/lib/ruby/gems/2.0.0/specifications/colorize-0.7.3.gemspec
I, [2014-10-21T17:22:00.135515 #13167]  INFO -- : 0:  database_cleaner (1.2.0) from /usr/local/lib/ruby/gems/2.0.0/specifications/database_cleaner-1.2.0.gemspec
I, [2014-10-21T17:22:00.143692 #13167]  INFO -- : 0:  polyglot (0.3.5) from /usr/local/lib/ruby/gems/2.0.0/specifications/polyglot-0.3.5.gemspec
I, [2014-10-21T17:22:00.144194 #13167]  INFO -- : 0:  deface (1.0.1) from /usr/local/lib/ruby/gems/2.0.0/specifications/deface-1.0.1.gemspec
I, [2014-10-21T17:22:01.561848 #13167]  INFO -- : 0:  diff-lcs (1.2.5) from /usr/local/lib/ruby/gems/2.0.0/specifications/diff-lcs-1.2.5.gemspec
I, [2014-10-21T17:22:02.883050 #13167]  INFO -- : 0:  docile (1.1.5) from /usr/local/lib/ruby/gems/2.0.0/specifications/docile-1.1.5.gemspec
I, [2014-10-21T17:22:04.324995 #13167]  INFO -- : 0:  factory_girl (4.5.0) from /usr/local/lib/ruby/gems/2.0.0/specifications/factory_girl-4.5.0.gemspec
I, [2014-10-21T17:22:04.332620 #13167]  INFO -- : 0:  ffaker (1.25.0) from /usr/local/lib/ruby/gems/2.0.0/specifications/ffaker-1.25.0.gemspec
I, [2014-10-21T17:22:04.333149 #13167]  INFO -- : 0:  font-awesome-rails (4.2.0.0) from /usr/local/lib/ruby/gems/2.0.0/specifications/font-awesome-rails-4.2.0.0.gemspec
I, [2014-10-21T17:22:05.492296 #13167]  INFO -- : 0:  formatador (0.2.5) from /usr/local/lib/ruby/gems/2.0.0/specifications/formatador-0.2.5.gemspec
I, [2014-10-21T17:22:05.494095 #13167]  INFO -- : 0:  friendly_id (5.0.4) from /usr/local/lib/ruby/gems/2.0.0/specifications/friendly_id-5.0.4.gemspec
I, [2014-10-21T17:22:07.015884 #13167]  INFO -- : 0:  rb-fsevent (0.9.4) from /usr/local/lib/ruby/gems/2.0.0/specifications/rb-fsevent-0.9.4.gemspec
I, [2014-10-21T17:22:08.297779 #13167]  INFO -- : 0:  rb-inotify (0.9.5) from /usr/local/lib/ruby/gems/2.0.0/specifications/rb-inotify-0.9.5.gemspec
I, [2014-10-21T17:22:09.659291 #13167]  INFO -- : 0:  listen (2.7.11) from /usr/local/lib/ruby/gems/2.0.0/specifications/listen-2.7.11.gemspec
I, [2014-10-21T17:22:10.935137 #13167]  INFO -- : 0:  lumberjack (1.0.9) from /usr/local/lib/ruby/gems/2.0.0/specifications/lumberjack-1.0.9.gemspec
I, [2014-10-21T17:22:12.153659 #13167]  INFO -- : 0:  method_source (0.8.2) from /usr/local/lib/ruby/gems/2.0.0/specifications/method_source-0.8.2.gemspec
I, [2014-10-21T17:22:12.155644 #13167]  INFO -- : 0:  slop (3.6.0) from /usr/local/lib/ruby/gems/2.0.0/specifications/slop-3.6.0.gemspec
I, [2014-10-21T17:22:14.156901 #13167]  INFO -- : 0:  pry (0.10.1) from /usr/local/lib/ruby/gems/2.0.0/specifications/pry-0.10.1.gemspec
I, [2014-10-21T17:22:15.874390 #13167]  INFO -- : 0:  guard (2.6.1) from /usr/local/lib/ruby/gems/2.0.0/specifications/guard-2.6.1.gemspec
I, [2014-10-21T17:22:17.711713 #13167]  INFO -- : 0:  rspec-core (2.99.2) from /usr/local/lib/ruby/gems/2.0.0/specifications/rspec-core-2.99.2.gemspec
I, [2014-10-21T17:22:19.273567 #13167]  INFO -- : 0:  rspec-expectations (2.99.2) from /usr/local/lib/ruby/gems/2.0.0/specifications/rspec-expectations-2.99.2.gemspec
I, [2014-10-21T17:22:20.814378 #13167]  INFO -- : 0:  rspec-mocks (2.99.2) from /usr/local/lib/ruby/gems/2.0.0/specifications/rspec-mocks-2.99.2.gemspec
I, [2014-10-21T17:22:21.964309 #13167]  INFO -- : 0:  rspec (2.99.0) from /usr/local/lib/ruby/gems/2.0.0/specifications/rspec-2.99.0.gemspec
I, [2014-10-21T17:22:23.274955 #13167]  INFO -- : 0:  guard-rspec (4.3.1) from /usr/local/lib/ruby/gems/2.0.0/specifications/guard-rspec-4.3.1.gemspec
I, [2014-10-21T17:22:23.277813 #13167]  INFO -- : 0:  highline (1.6.21) from /usr/local/lib/ruby/gems/2.0.0/specifications/highline-1.6.21.gemspec
I, [2014-10-21T17:22:23.278324 #13167]  INFO -- : 0:  multi_xml (0.5.5) from /usr/local/lib/ruby/gems/2.0.0/specifications/multi_xml-0.5.5.gemspec
I, [2014-10-21T17:22:23.278787 #13167]  INFO -- : 0:  httparty (0.13.1) from /usr/local/lib/ruby/gems/2.0.0/specifications/httparty-0.13.1.gemspec
I, [2014-10-21T17:22:23.279402 #13167]  INFO -- : 0:  jquery-rails (3.1.2) from /usr/local/lib/ruby/gems/2.0.0/specifications/jquery-rails-3.1.2.gemspec
I, [2014-10-21T17:22:24.873414 #13167]  INFO -- : 0:  jquery-ui-rails (5.0.2) from /usr/local/lib/ruby/gems/2.0.0/specifications/jquery-ui-rails-5.0.2.gemspec
I, [2014-10-21T17:22:24.882289 #13167]  INFO -- : 0:  kaminari (0.16.1) from /usr/local/lib/ruby/gems/2.0.0/specifications/kaminari-0.16.1.gemspec
I, [2014-10-21T17:22:26.172657 #13167]  INFO -- : 0:  launchy (2.4.2) from /usr/local/lib/ruby/gems/2.0.0/specifications/launchy-2.4.2.gemspec
I, [2014-10-21T17:22:26.239293 #13167]  INFO -- : 0:  monetize (0.4.1) from /usr/local/lib/ruby/gems/2.0.0/specifications/monetize-0.4.1.gemspec
I, [2014-10-21T17:22:33.424228 #13167]  INFO -- : 0:  mysql2 (0.3.16) from /usr/local/lib/ruby/gems/2.0.0/specifications/mysql2-0.3.16.gemspec
I, [2014-10-21T17:22:33.428337 #13167]  INFO -- : 0:  paperclip (4.2.0) from /usr/local/lib/ruby/gems/2.0.0/specifications/paperclip-4.2.0.gemspec
I, [2014-10-21T17:22:33.428899 #13167]  INFO -- : 0:  paranoia (2.0.2) from /usr/local/lib/ruby/gems/2.0.0/specifications/paranoia-2.0.2.gemspec
I, [2014-10-21T17:22:44.046592 #13167]  INFO -- : 0:  pg (0.17.1) from /usr/local/lib/ruby/gems/2.0.0/specifications/pg-0.17.1.gemspec
I, [2014-10-21T17:22:45.580379 #13167]  INFO -- : 0:  websocket-driver (0.3.5) from /usr/local/lib/ruby/gems/2.0.0/specifications/websocket-driver-0.3.5.gemspec
I, [2014-10-21T17:22:46.840370 #13167]  INFO -- : 0:  poltergeist (1.5.1) from /usr/local/lib/ruby/gems/2.0.0/specifications/poltergeist-1.5.1.gemspec
I, [2014-10-21T17:22:46.843102 #13167]  INFO -- : 0:  polyamorous (1.1.0) from /usr/local/lib/ruby/gems/2.0.0/specifications/polyamorous-1.1.0.gemspec
I, [2014-10-21T17:22:46.843512 #13167]  INFO -- : 0:  rabl (0.9.4.pre1) from /usr/local/lib/ruby/gems/2.0.0/specifications/rabl-0.9.4.pre1.gemspec
I, [2014-10-21T17:22:48.092615 #13167]  INFO -- : 0:  rails_engine_decorators (1.0.0) from /usr/local/lib/ruby/gems/2.0.0/specifications/rails_engine_decorators-1.0.0.gemspec
I, [2014-10-21T17:22:48.098871 #13167]  INFO -- : 0:  ransack (1.4.1) from /usr/local/lib/ruby/gems/2.0.0/specifications/ransack-1.4.1.gemspec
I, [2014-10-21T17:22:49.354069 #13167]  INFO -- : 0:  rspec-activemodel-mocks (1.0.1) from /usr/local/lib/ruby/gems/2.0.0/specifications/rspec-activemodel-mocks-1.0.1.gemspec
I, [2014-10-21T17:22:50.579456 #13167]  INFO -- : 0:  rspec-collection_matchers (1.0.0) from /usr/local/lib/ruby/gems/2.0.0/specifications/rspec-collection_matchers-1.0.0.gemspec
I, [2014-10-21T17:22:51.998841 #13167]  INFO -- : 0:  rspec-rails (2.99.0) from /usr/local/lib/ruby/gems/2.0.0/specifications/rspec-rails-2.99.0.gemspec
I, [2014-10-21T17:22:53.488308 #13167]  INFO -- : 0:  rubyzip (1.1.6) from /usr/local/lib/ruby/gems/2.0.0/specifications/rubyzip-1.1.6.gemspec
I, [2014-10-21T17:22:53.495567 #13167]  INFO -- : 0:  sass (3.2.19) from /usr/local/lib/ruby/gems/2.0.0/specifications/sass-3.2.19.gemspec
I, [2014-10-21T17:22:53.496138 #13167]  INFO -- : 0:  sass-rails (4.0.3) from /usr/local/lib/ruby/gems/2.0.0/specifications/sass-rails-4.0.3.gemspec
I, [2014-10-21T17:22:53.496553 #13167]  INFO -- : 0:  select2-rails (3.5.9.1) from /usr/local/lib/ruby/gems/2.0.0/specifications/select2-rails-3.5.9.1.gemspec
I, [2014-10-21T17:22:54.813712 #13167]  INFO -- : 0:  websocket (1.2.1) from /usr/local/lib/ruby/gems/2.0.0/specifications/websocket-1.2.1.gemspec
I, [2014-10-21T17:22:58.629889 #13167]  INFO -- : 0:  selenium-webdriver (2.43.0) from /usr/local/lib/ruby/gems/2.0.0/specifications/selenium-webdriver-2.43.0.gemspec
I, [2014-10-21T17:22:58.638678 #13167]  INFO -- : 0:  simplecov-html (0.8.0) from /usr/local/lib/ruby/gems/2.0.0/specifications/simplecov-html-0.8.0.gemspec
I, [2014-10-21T17:22:59.992075 #13167]  INFO -- : 0:  simplecov (0.9.1) from /usr/local/lib/ruby/gems/2.0.0/specifications/simplecov-0.9.1.gemspec
I, [2014-10-21T17:22:59.998795 #13167]  INFO -- : 0:  state_machine (1.2.0) from /usr/local/lib/ruby/gems/2.0.0/specifications/state_machine-1.2.0.gemspec
I, [2014-10-21T17:22:59.999331 #13167]  INFO -- : 0:  stringex (1.5.1) from /usr/local/lib/ruby/gems/2.0.0/specifications/stringex-1.5.1.gemspec
I, [2014-10-21T17:22:59.999864 #13167]  INFO -- : 0:  truncate_html (0.9.2) from /usr/local/lib/ruby/gems/2.0.0/specifications/truncate_html-0.9.2.gemspec
I, [2014-10-21T17:23:00.478702 #13167]  INFO -- : 0:  spree_core (2.3.5.beta) from /home/knotito/.bundler/ruby/2.0.0/spree-740265955242/core/spree_core.gemspec
I, [2014-10-21T17:23:00.479493 #13167]  INFO -- : 0:  versioncake (2.3.1) from /usr/local/lib/ruby/gems/2.0.0/specifications/versioncake-2.3.1.gemspec
I, [2014-10-21T17:23:00.631233 #13167]  INFO -- : 0:  spree_api (2.3.5.beta) from /home/knotito/.bundler/ruby/2.0.0/spree-740265955242/api/spree_api.gemspec
I, [2014-10-21T17:23:01.094752 #13167]  INFO -- : 0:  spree_backend (2.3.5.beta) from /home/knotito/.bundler/ruby/2.0.0/spree-740265955242/backend/spree_backend.gemspec
I, [2014-10-21T17:23:01.246696 #13167]  INFO -- : 0:  spree_cmd (2.3.5.beta) from /home/knotito/.bundler/ruby/2.0.0/spree-740265955242/cmd/spree_cmd.gemspec
I, [2014-10-21T17:23:01.644450 #13167]  INFO -- : 0:  spree_frontend (2.3.5.beta) from /home/knotito/.bundler/ruby/2.0.0/spree-740265955242/frontend/spree_frontend.gemspec
I, [2014-10-21T17:23:01.776350 #13167]  INFO -- : 0:  spree_sample (2.3.5.beta) from /home/knotito/.bundler/ruby/2.0.0/spree-740265955242/sample/spree_sample.gemspec
I, [2014-10-21T17:23:01.785476 #13167]  INFO -- : 0:  spree (2.3.5.beta) from /home/knotito/.bundler/ruby/2.0.0/spree-740265955242/spree.gemspec
I, [2014-10-21T17:23:02.102415 #13167]  INFO -- : 0:  spree_gateway (2.3.0.beta) from /home/knotito/ruby/rails/spree_gateway/spree_gateway.gemspec
I, [2014-10-21T17:23:02.102985 #13167]  INFO -- : 0:  sqlite3 (1.3.9) from /usr/local/lib/ruby/gems/2.0.0/specifications/sqlite3-1.3.9.gemspec
